<?xml version="1.0" encoding="UTF-8"?>
<testng-results ignored="0" total="1" passed="1" failed="0" skipped="0">
  <reporter-output>
  </reporter-output>
  <suite started-at="2026-02-13T06:21:28 UTC" name="Default suite" finished-at="2026-02-13T06:21:31 UTC" duration-ms="2639">
    <groups>
    </groups>
    <test started-at="2026-02-13T06:21:28 UTC" name="Default test" finished-at="2026-02-13T06:21:31 UTC" duration-ms="2639">
      <class name="extentreport.extent_report">
        <test-method is-config="true" signature="starttest()[pri:0, instance:extentreport.extent_report@3c9754d8]" started-at="2026-02-13T06:21:28 UTC" name="starttest" finished-at="2026-02-13T06:21:28 UTC" duration-ms="70" status="PASS">
          <reporter-output>
          </reporter-output>
        </test-method> <!-- starttest -->
        <test-method signature="extenttest()[pri:0, instance:extentreport.extent_report@3c9754d8]" started-at="2026-02-13T06:21:28 UTC" name="extenttest" finished-at="2026-02-13T06:21:31 UTC" duration-ms="2335" status="PASS">
          <reporter-output>
          </reporter-output>
        </test-method> <!-- extenttest -->
        <test-method is-config="true" signature="teardown()[pri:0, instance:extentreport.extent_report@3c9754d8]" started-at="2026-02-13T06:21:31 UTC" name="teardown" finished-at="2026-02-13T06:21:31 UTC" duration-ms="206" status="PASS">
          <reporter-output>
          </reporter-output>
        </test-method> <!-- teardown -->
      </class> <!-- extentreport.extent_report -->
    </test> <!-- Default test -->
  </suite> <!-- Default suite -->
</testng-results>
